<?xml version="1.0" encoding="UTF-8"?>
<testsuite name="com.epam.multi_project.UtilsTest" tests="1" skipped="0" failures="0" errors="0" timestamp="2021-09-22T07:32:03" hostname="LAPTOP-T4Q340TK" time="0.0">
  <properties/>
  <testcase name="isAllPositiveNumbers" classname="com.epam.multi_project.UtilsTest" time="0.0"/>
  <system-out><![CDATA[]]></system-out>
  <system-err><![CDATA[]]></system-err>
</testsuite>
